2014/09/04 15:46:14 [error] [system.db.CDbCommand] CDbCommand::execute() failed: SQLSTATE[22007]: Invalid datetime format: 1292 Incorrect date value: '' for column 'service_date' at row 1. The SQL statement executed was: INSERT INTO `vehicle_service` (`vehicle_id`, `service_status`, `service_date`, `description`, `running_distance`, `vehicle_part`, `vehicle_part_quantity`, `price`, `invoice_number`, `garage`) VALUES (:yp0, :yp1, :yp2, :yp3, :yp4, :yp5, :yp6, :yp7, :yp8, :yp9).
in C:\xampp\htdocs\vfm\protected\controllers\VehicleServiceController.php (73)
in C:\xampp\htdocs\vfm\index.php (13)
2014/09/04 15:46:14 [error] [exception.CDbException] exception 'CDbException' with message 'CDbCommand failed to execute the SQL statement: SQLSTATE[22007]: Invalid datetime format: 1292 Incorrect date value: '' for column 'service_date' at row 1. The SQL statement executed was: INSERT INTO `vehicle_service` (`vehicle_id`, `service_status`, `service_date`, `description`, `running_distance`, `vehicle_part`, `vehicle_part_quantity`, `price`, `invoice_number`, `garage`) VALUES (:yp0, :yp1, :yp2, :yp3, :yp4, :yp5, :yp6, :yp7, :yp8, :yp9)' in C:\xampp\htdocs\yii-1.1.15\framework\db\CDbCommand.php:358
Stack trace:
#0 C:\xampp\htdocs\yii-1.1.15\framework\db\ar\CActiveRecord.php(1077): CDbCommand->execute()
#1 C:\xampp\htdocs\yii-1.1.15\framework\db\ar\CActiveRecord.php(806): CActiveRecord->insert(NULL)
#2 C:\xampp\htdocs\vfm\protected\controllers\VehicleServiceController.php(73): CActiveRecord->save()
#3 C:\xampp\htdocs\yii-1.1.15\framework\web\actions\CInlineAction.php(49): VehicleServiceController->actionCreate()
#4 C:\xampp\htdocs\yii-1.1.15\framework\web\CController.php(308): CInlineAction->runWithParams(Array)
#5 C:\xampp\htdocs\yii-1.1.15\framework\web\filters\CFilterChain.php(133): CController->runAction(Object(CInlineAction))
#6 C:\xampp\htdocs\yii-1.1.15\framework\web\filters\CFilter.php(40): CFilterChain->run()
#7 C:\xampp\htdocs\yii-1.1.15\framework\web\CController.php(1145): CFilter->filter(Object(CFilterChain))
#8 C:\xampp\htdocs\yii-1.1.15\framework\web\filters\CInlineFilter.php(58): CController->filterAccessControl(Object(CFilterChain))
#9 C:\xampp\htdocs\yii-1.1.15\framework\web\filters\CFilterChain.php(130): CInlineFilter->filter(Object(CFilterChain))
#10 C:\xampp\htdocs\yii-1.1.15\framework\web\CController.php(291): CFilterChain->run()
#11 C:\xampp\htdocs\yii-1.1.15\framework\web\CController.php(265): CController->runActionWithFilters(Object(CInlineAction), Array)
#12 C:\xampp\htdocs\yii-1.1.15\framework\web\CWebApplication.php(282): CController->run('create')
#13 C:\xampp\htdocs\yii-1.1.15\framework\web\CWebApplication.php(141): CWebApplication->runController('vehicleService/...')
#14 C:\xampp\htdocs\yii-1.1.15\framework\base\CApplication.php(180): CWebApplication->processRequest()
#15 C:\xampp\htdocs\vfm\index.php(13): CApplication->run()
#16 {main}
REQUEST_URI=/vfm/index.php?r=vehicleService/create
HTTP_REFERER=http://localhost/vfm/index.php?r=vehicleService/create
---
2014/09/04 16:07:05 [error] [system.db.CDbCommand] CDbCommand::execute() failed: SQLSTATE[22007]: Invalid datetime format: 1292 Incorrect date value: '' for column 'manufacture_date' at row 1. The SQL statement executed was: INSERT INTO `vehicle` (`sector_ekab_id`, `license_plate`, `running_distance`, `manufacture_date`, `registration_date`, `status`, `vehicle_type`) VALUES (:yp0, :yp1, :yp2, :yp3, :yp4, :yp5, :yp6).
in C:\xampp\htdocs\vfm\protected\controllers\VehicleController.php (73)
in C:\xampp\htdocs\vfm\index.php (13)
2014/09/04 16:07:05 [error] [exception.CDbException] exception 'CDbException' with message 'CDbCommand failed to execute the SQL statement: SQLSTATE[22007]: Invalid datetime format: 1292 Incorrect date value: '' for column 'manufacture_date' at row 1. The SQL statement executed was: INSERT INTO `vehicle` (`sector_ekab_id`, `license_plate`, `running_distance`, `manufacture_date`, `registration_date`, `status`, `vehicle_type`) VALUES (:yp0, :yp1, :yp2, :yp3, :yp4, :yp5, :yp6)' in C:\xampp\htdocs\yii-1.1.15\framework\db\CDbCommand.php:358
Stack trace:
#0 C:\xampp\htdocs\yii-1.1.15\framework\db\ar\CActiveRecord.php(1077): CDbCommand->execute()
#1 C:\xampp\htdocs\yii-1.1.15\framework\db\ar\CActiveRecord.php(806): CActiveRecord->insert(NULL)
#2 C:\xampp\htdocs\vfm\protected\controllers\VehicleController.php(73): CActiveRecord->save()
#3 C:\xampp\htdocs\yii-1.1.15\framework\web\actions\CInlineAction.php(49): VehicleController->actionCreate()
#4 C:\xampp\htdocs\yii-1.1.15\framework\web\CController.php(308): CInlineAction->runWithParams(Array)
#5 C:\xampp\htdocs\yii-1.1.15\framework\web\filters\CFilterChain.php(133): CController->runAction(Object(CInlineAction))
#6 C:\xampp\htdocs\yii-1.1.15\framework\web\filters\CFilter.php(40): CFilterChain->run()
#7 C:\xampp\htdocs\yii-1.1.15\framework\web\CController.php(1145): CFilter->filter(Object(CFilterChain))
#8 C:\xampp\htdocs\yii-1.1.15\framework\web\filters\CInlineFilter.php(58): CController->filterAccessControl(Object(CFilterChain))
#9 C:\xampp\htdocs\yii-1.1.15\framework\web\filters\CFilterChain.php(130): CInlineFilter->filter(Object(CFilterChain))
#10 C:\xampp\htdocs\yii-1.1.15\framework\web\CController.php(291): CFilterChain->run()
#11 C:\xampp\htdocs\yii-1.1.15\framework\web\CController.php(265): CController->runActionWithFilters(Object(CInlineAction), Array)
#12 C:\xampp\htdocs\yii-1.1.15\framework\web\CWebApplication.php(282): CController->run('create')
#13 C:\xampp\htdocs\yii-1.1.15\framework\web\CWebApplication.php(141): CWebApplication->runController('vehicle/create')
#14 C:\xampp\htdocs\yii-1.1.15\framework\base\CApplication.php(180): CWebApplication->processRequest()
#15 C:\xampp\htdocs\vfm\index.php(13): CApplication->run()
#16 {main}
REQUEST_URI=/vfm/index.php?r=vehicle/create
HTTP_REFERER=http://localhost/vfm/index.php?r=vehicle/create
---
2014/09/04 16:08:21 [error] [system.db.CDbCommand] CDbCommand::execute() failed: SQLSTATE[23000]: Integrity constraint violation: 1452 Cannot add or update a child row: a foreign key constraint fails (`vfm`.`vehicle_service`, CONSTRAINT `vehicleservice_vehicle_fk` FOREIGN KEY (`vehicle_id`) REFERENCES `vehicle` (`id`) ON DELETE NO ACTION ON UPDATE NO ACTION). The SQL statement executed was: UPDATE `vehicle_service` SET `id`=:yp0, `service_status`=:yp1, `service_date`=:yp2, `description`=:yp3, `running_distance`=:yp4, `vehicle_part`=:yp5, `vehicle_part_quantity`=:yp6, `price`=:yp7, `invoice_number`=:yp8, `garage`=:yp9, `vehicle_id`=:yp10 WHERE `vehicle_service`.`id`='1'.
in C:\xampp\htdocs\vfm\protected\controllers\VehicleServiceController.php (97)
in C:\xampp\htdocs\vfm\index.php (13)
2014/09/04 16:08:21 [error] [exception.CDbException] exception 'CDbException' with message 'CDbCommand failed to execute the SQL statement: SQLSTATE[23000]: Integrity constraint violation: 1452 Cannot add or update a child row: a foreign key constraint fails (`vfm`.`vehicle_service`, CONSTRAINT `vehicleservice_vehicle_fk` FOREIGN KEY (`vehicle_id`) REFERENCES `vehicle` (`id`) ON DELETE NO ACTION ON UPDATE NO ACTION). The SQL statement executed was: UPDATE `vehicle_service` SET `id`=:yp0, `service_status`=:yp1, `service_date`=:yp2, `description`=:yp3, `running_distance`=:yp4, `vehicle_part`=:yp5, `vehicle_part_quantity`=:yp6, `price`=:yp7, `invoice_number`=:yp8, `garage`=:yp9, `vehicle_id`=:yp10 WHERE `vehicle_service`.`id`='1'' in C:\xampp\htdocs\yii-1.1.15\framework\db\CDbCommand.php:358
Stack trace:
#0 C:\xampp\htdocs\yii-1.1.15\framework\db\ar\CActiveRecord.php(1748): CDbCommand->execute()
#1 C:\xampp\htdocs\yii-1.1.15\framework\db\ar\CActiveRecord.php(1124): CActiveRecord->updateByPk('1', Array)
#2 C:\xampp\htdocs\yii-1.1.15\framework\db\ar\CActiveRecord.php(806): CActiveRecord->update(NULL)
#3 C:\xampp\htdocs\vfm\protected\controllers\VehicleServiceController.php(97): CActiveRecord->save()
#4 [internal function]: VehicleServiceController->actionUpdate('1')
#5 C:\xampp\htdocs\yii-1.1.15\framework\web\actions\CAction.php(108): ReflectionMethod->invokeArgs(Object(VehicleServiceController), Array)
#6 C:\xampp\htdocs\yii-1.1.15\framework\web\actions\CInlineAction.php(47): CAction->runWithParamsInternal(Object(VehicleServiceController), Object(ReflectionMethod), Array)
#7 C:\xampp\htdocs\yii-1.1.15\framework\web\CController.php(308): CInlineAction->runWithParams(Array)
#8 C:\xampp\htdocs\yii-1.1.15\framework\web\filters\CFilterChain.php(133): CController->runAction(Object(CInlineAction))
#9 C:\xampp\htdocs\yii-1.1.15\framework\web\filters\CFilter.php(40): CFilterChain->run()
#10 C:\xampp\htdocs\yii-1.1.15\framework\web\CController.php(1145): CFilter->filter(Object(CFilterChain))
#11 C:\xampp\htdocs\yii-1.1.15\framework\web\filters\CInlineFilter.php(58): CController->filterAccessControl(Object(CFilterChain))
#12 C:\xampp\htdocs\yii-1.1.15\framework\web\filters\CFilterChain.php(130): CInlineFilter->filter(Object(CFilterChain))
#13 C:\xampp\htdocs\yii-1.1.15\framework\web\CController.php(291): CFilterChain->run()
#14 C:\xampp\htdocs\yii-1.1.15\framework\web\CController.php(265): CController->runActionWithFilters(Object(CInlineAction), Array)
#15 C:\xampp\htdocs\yii-1.1.15\framework\web\CWebApplication.php(282): CController->run('update')
#16 C:\xampp\htdocs\yii-1.1.15\framework\web\CWebApplication.php(141): CWebApplication->runController('vehicleservice/...')
#17 C:\xampp\htdocs\yii-1.1.15\framework\base\CApplication.php(180): CWebApplication->processRequest()
#18 C:\xampp\htdocs\vfm\index.php(13): CApplication->run()
#19 {main}
REQUEST_URI=/vfm/index.php?r=vehicleservice/update&id=1
HTTP_REFERER=http://localhost/vfm/index.php?r=vehicleservice/update&id=1
---
2014/09/04 16:34:21 [error] [exception.CHttpException.404] exception 'CHttpException' with message 'The system is unable to find the requested action "vehicleService".' in C:\xampp\htdocs\yii-1.1.15\framework\web\CController.php:483
Stack trace:
#0 C:\xampp\htdocs\yii-1.1.15\framework\web\CController.php(270): CController->missingAction('vehicleService')
#1 C:\xampp\htdocs\yii-1.1.15\framework\web\CWebApplication.php(282): CController->run('vehicleService')
#2 C:\xampp\htdocs\yii-1.1.15\framework\web\CWebApplication.php(141): CWebApplication->runController('site/vehicleSer...')
#3 C:\xampp\htdocs\yii-1.1.15\framework\base\CApplication.php(180): CWebApplication->processRequest()
#4 C:\xampp\htdocs\vfm\index.php(13): CApplication->run()
#5 {main}
REQUEST_URI=/vfm/index.php?r=site/vehicleService
HTTP_REFERER=http://localhost/vfm/index.php
---
2014/09/04 16:34:45 [error] [exception.CHttpException.404] exception 'CHttpException' with message 'The system is unable to find the requested action "vehicleService".' in C:\xampp\htdocs\yii-1.1.15\framework\web\CController.php:483
Stack trace:
#0 C:\xampp\htdocs\yii-1.1.15\framework\web\CController.php(270): CController->missingAction('vehicleService')
#1 C:\xampp\htdocs\yii-1.1.15\framework\web\CWebApplication.php(282): CController->run('vehicleService')
#2 C:\xampp\htdocs\yii-1.1.15\framework\web\CWebApplication.php(141): CWebApplication->runController('site/vehicleSer...')
#3 C:\xampp\htdocs\yii-1.1.15\framework\base\CApplication.php(180): CWebApplication->processRequest()
#4 C:\xampp\htdocs\vfm\index.php(13): CApplication->run()
#5 {main}
REQUEST_URI=/vfm/index.php?r=site/vehicleService
HTTP_REFERER=http://localhost/vfm/index.php
---
2014/09/04 16:34:47 [error] [exception.CHttpException.404] exception 'CHttpException' with message 'The system is unable to find the requested action "vehicle".' in C:\xampp\htdocs\yii-1.1.15\framework\web\CController.php:483
Stack trace:
#0 C:\xampp\htdocs\yii-1.1.15\framework\web\CController.php(270): CController->missingAction('vehicle')
#1 C:\xampp\htdocs\yii-1.1.15\framework\web\CWebApplication.php(282): CController->run('vehicle')
#2 C:\xampp\htdocs\yii-1.1.15\framework\web\CWebApplication.php(141): CWebApplication->runController('site/vehicle')
#3 C:\xampp\htdocs\yii-1.1.15\framework\base\CApplication.php(180): CWebApplication->processRequest()
#4 C:\xampp\htdocs\vfm\index.php(13): CApplication->run()
#5 {main}
REQUEST_URI=/vfm/index.php?r=site/vehicle
HTTP_REFERER=http://localhost/vfm/index.php?r=site/vehicleService
---
2014/09/04 16:34:48 [error] [exception.CHttpException.404] exception 'CHttpException' with message 'The system is unable to find the requested action "vehicle".' in C:\xampp\htdocs\yii-1.1.15\framework\web\CController.php:483
Stack trace:
#0 C:\xampp\htdocs\yii-1.1.15\framework\web\CController.php(270): CController->missingAction('vehicle')
#1 C:\xampp\htdocs\yii-1.1.15\framework\web\CWebApplication.php(282): CController->run('vehicle')
#2 C:\xampp\htdocs\yii-1.1.15\framework\web\CWebApplication.php(141): CWebApplication->runController('site/vehicle')
#3 C:\xampp\htdocs\yii-1.1.15\framework\base\CApplication.php(180): CWebApplication->processRequest()
#4 C:\xampp\htdocs\vfm\index.php(13): CApplication->run()
#5 {main}
REQUEST_URI=/vfm/index.php?r=site/vehicle
HTTP_REFERER=http://localhost/vfm/index.php?r=site/vehicle
---
2014/09/04 16:34:48 [error] [exception.CHttpException.404] exception 'CHttpException' with message 'The system is unable to find the requested action "vehicle".' in C:\xampp\htdocs\yii-1.1.15\framework\web\CController.php:483
Stack trace:
#0 C:\xampp\htdocs\yii-1.1.15\framework\web\CController.php(270): CController->missingAction('vehicle')
#1 C:\xampp\htdocs\yii-1.1.15\framework\web\CWebApplication.php(282): CController->run('vehicle')
#2 C:\xampp\htdocs\yii-1.1.15\framework\web\CWebApplication.php(141): CWebApplication->runController('site/vehicle')
#3 C:\xampp\htdocs\yii-1.1.15\framework\base\CApplication.php(180): CWebApplication->processRequest()
#4 C:\xampp\htdocs\vfm\index.php(13): CApplication->run()
#5 {main}
REQUEST_URI=/vfm/index.php?r=site/vehicle
HTTP_REFERER=http://localhost/vfm/index.php?r=site/vehicle
---
2014/09/04 16:34:49 [error] [exception.CHttpException.404] exception 'CHttpException' with message 'The system is unable to find the requested action "vehicleService".' in C:\xampp\htdocs\yii-1.1.15\framework\web\CController.php:483
Stack trace:
#0 C:\xampp\htdocs\yii-1.1.15\framework\web\CController.php(270): CController->missingAction('vehicleService')
#1 C:\xampp\htdocs\yii-1.1.15\framework\web\CWebApplication.php(282): CController->run('vehicleService')
#2 C:\xampp\htdocs\yii-1.1.15\framework\web\CWebApplication.php(141): CWebApplication->runController('site/vehicleSer...')
#3 C:\xampp\htdocs\yii-1.1.15\framework\base\CApplication.php(180): CWebApplication->processRequest()
#4 C:\xampp\htdocs\vfm\index.php(13): CApplication->run()
#5 {main}
REQUEST_URI=/vfm/index.php?r=site/vehicleService
HTTP_REFERER=http://localhost/vfm/index.php?r=site/vehicle
---
2014/09/04 16:34:50 [error] [exception.CHttpException.404] exception 'CHttpException' with message 'The system is unable to find the requested action "vehicleService".' in C:\xampp\htdocs\yii-1.1.15\framework\web\CController.php:483
Stack trace:
#0 C:\xampp\htdocs\yii-1.1.15\framework\web\CController.php(270): CController->missingAction('vehicleService')
#1 C:\xampp\htdocs\yii-1.1.15\framework\web\CWebApplication.php(282): CController->run('vehicleService')
#2 C:\xampp\htdocs\yii-1.1.15\framework\web\CWebApplication.php(141): CWebApplication->runController('site/vehicleSer...')
#3 C:\xampp\htdocs\yii-1.1.15\framework\base\CApplication.php(180): CWebApplication->processRequest()
#4 C:\xampp\htdocs\vfm\index.php(13): CApplication->run()
#5 {main}
REQUEST_URI=/vfm/index.php?r=site/vehicleService
HTTP_REFERER=http://localhost/vfm/index.php?r=site/vehicle
---
2014/09/04 16:34:50 [error] [exception.CHttpException.404] exception 'CHttpException' with message 'The system is unable to find the requested action "vehicleService".' in C:\xampp\htdocs\yii-1.1.15\framework\web\CController.php:483
Stack trace:
#0 C:\xampp\htdocs\yii-1.1.15\framework\web\CController.php(270): CController->missingAction('vehicleService')
#1 C:\xampp\htdocs\yii-1.1.15\framework\web\CWebApplication.php(282): CController->run('vehicleService')
#2 C:\xampp\htdocs\yii-1.1.15\framework\web\CWebApplication.php(141): CWebApplication->runController('site/vehicleSer...')
#3 C:\xampp\htdocs\yii-1.1.15\framework\base\CApplication.php(180): CWebApplication->processRequest()
#4 C:\xampp\htdocs\vfm\index.php(13): CApplication->run()
#5 {main}
REQUEST_URI=/vfm/index.php?r=site/vehicleService
HTTP_REFERER=http://localhost/vfm/index.php?r=site/vehicle
---
2014/09/04 16:34:51 [error] [exception.CHttpException.404] exception 'CHttpException' with message 'The system is unable to find the requested action "vehicleService".' in C:\xampp\htdocs\yii-1.1.15\framework\web\CController.php:483
Stack trace:
#0 C:\xampp\htdocs\yii-1.1.15\framework\web\CController.php(270): CController->missingAction('vehicleService')
#1 C:\xampp\htdocs\yii-1.1.15\framework\web\CWebApplication.php(282): CController->run('vehicleService')
#2 C:\xampp\htdocs\yii-1.1.15\framework\web\CWebApplication.php(141): CWebApplication->runController('site/vehicleSer...')
#3 C:\xampp\htdocs\yii-1.1.15\framework\base\CApplication.php(180): CWebApplication->processRequest()
#4 C:\xampp\htdocs\vfm\index.php(13): CApplication->run()
#5 {main}
REQUEST_URI=/vfm/index.php?r=site/vehicleService
HTTP_REFERER=http://localhost/vfm/index.php?r=site/vehicleService
---
2014/09/04 16:34:52 [error] [exception.CHttpException.404] exception 'CHttpException' with message 'The system is unable to find the requested action "vehicleService".' in C:\xampp\htdocs\yii-1.1.15\framework\web\CController.php:483
Stack trace:
#0 C:\xampp\htdocs\yii-1.1.15\framework\web\CController.php(270): CController->missingAction('vehicleService')
#1 C:\xampp\htdocs\yii-1.1.15\framework\web\CWebApplication.php(282): CController->run('vehicleService')
#2 C:\xampp\htdocs\yii-1.1.15\framework\web\CWebApplication.php(141): CWebApplication->runController('site/vehicleSer...')
#3 C:\xampp\htdocs\yii-1.1.15\framework\base\CApplication.php(180): CWebApplication->processRequest()
#4 C:\xampp\htdocs\vfm\index.php(13): CApplication->run()
#5 {main}
REQUEST_URI=/vfm/index.php?r=site/vehicleService
HTTP_REFERER=http://localhost/vfm/index.php?r=site/vehicleService
---
2014/09/04 16:36:16 [error] [exception.CHttpException.404] exception 'CHttpException' with message 'The system is unable to find the requested action "vehicleService".' in C:\xampp\htdocs\yii-1.1.15\framework\web\CController.php:483
Stack trace:
#0 C:\xampp\htdocs\yii-1.1.15\framework\web\CController.php(270): CController->missingAction('vehicleService')
#1 C:\xampp\htdocs\yii-1.1.15\framework\web\CWebApplication.php(282): CController->run('vehicleService')
#2 C:\xampp\htdocs\yii-1.1.15\framework\web\CWebApplication.php(141): CWebApplication->runController('site/vehicleSer...')
#3 C:\xampp\htdocs\yii-1.1.15\framework\base\CApplication.php(180): CWebApplication->processRequest()
#4 C:\xampp\htdocs\vfm\index.php(13): CApplication->run()
#5 {main}
REQUEST_URI=/vfm/index.php?r=site/vehicleService
HTTP_REFERER=http://localhost/vfm/index.php?r=site/vehicleService
---
2014/09/04 17:19:48 [error] [exception.CException] exception 'CException' with message 'Property "SectorEkab.Name" is not defined.' in C:\xampp\htdocs\yii-1.1.15\framework\base\CComponent.php:130
Stack trace:
#0 C:\xampp\htdocs\yii-1.1.15\framework\db\ar\CActiveRecord.php(145): CComponent->__get('Name')
#1 C:\xampp\htdocs\vfm\protected\views\vehicle\_view.php(39): CActiveRecord->__get('Name')
#2 C:\xampp\htdocs\yii-1.1.15\framework\web\CBaseController.php(130): require('C:\xampp\htdocs...')
#3 C:\xampp\htdocs\yii-1.1.15\framework\web\CBaseController.php(95): CBaseController->renderInternal('C:\xampp\htdocs...', Array, false)
#4 C:\xampp\htdocs\yii-1.1.15\framework\zii\widgets\CListView.php(291): CBaseController->renderFile('C:\xampp\htdocs...', Array)
#5 C:\xampp\htdocs\yii-1.1.15\framework\zii\widgets\CBaseListView.php(167): CListView->renderItems()
#6 [internal function]: CBaseListView->renderSection(Array)
#7 C:\xampp\htdocs\yii-1.1.15\framework\zii\widgets\CBaseListView.php(150): preg_replace_callback('/{(\w+)}/', Array, '{summary}?{sort...')
#8 C:\xampp\htdocs\yii-1.1.15\framework\zii\widgets\CBaseListView.php(135): CBaseListView->renderContent()
#9 C:\xampp\htdocs\yii-1.1.15\framework\web\CBaseController.php(173): CBaseListView->run()
#10 C:\xampp\htdocs\vfm\protected\views\vehicle\index.php(20): CBaseController->widget('zii.widgets.CLi...', Array)
#11 C:\xampp\htdocs\yii-1.1.15\framework\web\CBaseController.php(126): require('C:\xampp\htdocs...')
#12 C:\xampp\htdocs\yii-1.1.15\framework\web\CBaseController.php(95): CBaseController->renderInternal('C:\xampp\htdocs...', Array, true)
#13 C:\xampp\htdocs\yii-1.1.15\framework\web\CController.php(869): CBaseController->renderFile('C:\xampp\htdocs...', Array, true)
#14 C:\xampp\htdocs\yii-1.1.15\framework\web\CController.php(782): CController->renderPartial('index', Array, true)
#15 C:\xampp\htdocs\vfm\protected\controllers\VehicleController.php(128): CController->render('index', Array)
#16 C:\xampp\htdocs\yii-1.1.15\framework\web\actions\CInlineAction.php(49): VehicleController->actionIndex()
#17 C:\xampp\htdocs\yii-1.1.15\framework\web\CController.php(308): CInlineAction->runWithParams(Array)
#18 C:\xampp\htdocs\yii-1.1.15\framework\web\filters\CFilterChain.php(133): CController->runAction(Object(CInlineAction))
#19 C:\xampp\htdocs\yii-1.1.15\framework\web\filters\CFilter.php(40): CFilterChain->run()
#20 C:\xampp\htdocs\yii-1.1.15\framework\web\CController.php(1145): CFilter->filter(Object(CFilterChain))
#21 C:\xampp\htdocs\yii-1.1.15\framework\web\filters\CInlineFilter.php(58): CController->filterAccessControl(Object(CFilterChain))
#22 C:\xampp\htdocs\yii-1.1.15\framework\web\filters\CFilterChain.php(130): CInlineFilter->filter(Object(CFilterChain))
#23 C:\xampp\htdocs\yii-1.1.15\framework\web\CController.php(291): CFilterChain->run()
#24 C:\xampp\htdocs\yii-1.1.15\framework\web\CController.php(265): CController->runActionWithFilters(Object(CInlineAction), Array)
#25 C:\xampp\htdocs\yii-1.1.15\framework\web\CWebApplication.php(282): CController->run('index')
#26 C:\xampp\htdocs\yii-1.1.15\framework\web\CWebApplication.php(141): CWebApplication->runController('vehicle/index')
#27 C:\xampp\htdocs\yii-1.1.15\framework\base\CApplication.php(180): CWebApplication->processRequest()
#28 C:\xampp\htdocs\vfm\index.php(13): CApplication->run()
#29 {main}
REQUEST_URI=/vfm/index.php?r=vehicle/index
HTTP_REFERER=http://localhost/vfm/index.php?r=vehicle/view&id=1
---
